[debug] [2023-02-23T12:01:50.124Z] ----------------------------------------------------------------------
[debug] [2023-02-23T12:01:50.130Z] Command:       C:\Program Files\nodejs\node.exe C:\Users\Suriyaprakash\AppData\Roaming\npm\node_modules\firebase-tools\lib\bin\firebase.js deploy
[debug] [2023-02-23T12:01:50.132Z] CLI Version:   11.23.1
[debug] [2023-02-23T12:01:50.132Z] Platform:      win32
[debug] [2023-02-23T12:01:50.133Z] Node Version:  v18.12.1
[debug] [2023-02-23T12:01:50.135Z] Time:          Thu Feb 23 2023 17:31:50 GMT+0530 (India Standard Time)
[debug] [2023-02-23T12:01:50.135Z] ----------------------------------------------------------------------
[debug] 
[debug] [2023-02-23T12:01:50.325Z] > command requires scopes: ["email","openid","https://www.googleapis.com/auth/cloudplatformprojects.readonly","https://www.googleapis.com/auth/firebase","https://www.googleapis.com/auth/cloud-platform"]
[debug] [2023-02-23T12:01:50.327Z] > authorizing via signed-in user (yoursgump@gmail.com)
[debug] [2023-02-23T12:01:50.327Z] [iam] checking project cicd-demo-42e33 for permissions ["firebase.projects.get","firebasehosting.sites.update"]
[debug] [2023-02-23T12:01:50.334Z] >>> [apiv2][query] POST https://cloudresourcemanager.googleapis.com/v1/projects/cicd-demo-42e33:testIamPermissions [none]
[debug] [2023-02-23T12:01:50.335Z] >>> [apiv2][(partial)header] POST https://cloudresourcemanager.googleapis.com/v1/projects/cicd-demo-42e33:testIamPermissions x-goog-quota-user=projects/cicd-demo-42e33
[debug] [2023-02-23T12:01:50.335Z] >>> [apiv2][body] POST https://cloudresourcemanager.googleapis.com/v1/projects/cicd-demo-42e33:testIamPermissions {"permissions":["firebase.projects.get","firebasehosting.sites.update"]}
[debug] [2023-02-23T12:02:06.952Z] <<< [apiv2][status] POST https://cloudresourcemanager.googleapis.com/v1/projects/cicd-demo-42e33:testIamPermissions 200
[debug] [2023-02-23T12:02:06.953Z] <<< [apiv2][body] POST https://cloudresourcemanager.googleapis.com/v1/projects/cicd-demo-42e33:testIamPermissions {"permissions":["firebase.projects.get","firebasehosting.sites.update"]}
[debug] [2023-02-23T12:02:06.958Z] >>> [apiv2][query] GET https://firebase.googleapis.com/v1beta1/projects/cicd-demo-42e33 [none]
[debug] [2023-02-23T12:02:20.858Z] Failed to make request to https://firebase.googleapis.com/v1beta1/projects/cicd-demo-42e33
[debug] [2023-02-23T12:02:25.884Z] Error: Timed out.
    at Timeout._onTimeout (C:\Users\Suriyaprakash\AppData\Roaming\npm\node_modules\firebase-tools\lib\utils.js:253:49)
    at listOnTimeout (node:internal/timers:564:17)
    at process.processTimers (node:internal/timers:507:7)
[error] 
[error] Error: An unexpected error has occurred.
